2025-09-03 11:04:20,023 - emsawd.core.logging_config - INFO - Logging configured successfully.
2025-09-03 11:04:20,024 - emsawd.core.logging_config - INFO - Log file created at: logs\historic_weather_20250903_110420.log
2025-09-03 11:04:20,024 - root - INFO - Application starting up.
2025-09-03 11:04:20,399 - root - INFO - Main window shown. Starting event loop.
2025-09-03 11:04:48,564 - emsawd.repositories.geocoding_repository - INFO - Requesting coordinates for 'cape town' from https://geocoding-api.open-meteo.com/v1/search
2025-09-03 11:04:50,640 - emsawd.repositories.geocoding_repository - INFO - API response status: 200
2025-09-03 11:04:50,640 - emsawd.repositories.geocoding_repository - INFO - Successfully found coordinates for 'cape town': (-33.92584, 18.42322)
2025-09-03 11:04:50,642 - emsawd.repositories.weather_repository - INFO - Requesting historical weather for lat=-33.92584, lon=18.42322
2025-09-03 11:04:51,700 - emsawd.repositories.weather_repository - INFO - API response status: 200
2025-09-03 11:04:51,700 - emsawd.repositories.weather_repository - INFO - Successfully parsed 93 records from API response.
2025-09-03 11:04:51,701 - emsawd.repositories.weather_repository - INFO - Requesting historical weather for lat=-33.92584, lon=18.42322
2025-09-03 11:04:52,801 - emsawd.repositories.weather_repository - INFO - API response status: 200
2025-09-03 11:04:52,802 - emsawd.repositories.weather_repository - INFO - Successfully parsed 93 records from API response.
2025-09-03 11:04:52,803 - emsawd.repositories.weather_repository - INFO - Requesting historical weather for lat=-33.92584, lon=18.42322
2025-09-03 11:04:53,831 - emsawd.repositories.weather_repository - INFO - API response status: 200
2025-09-03 11:04:53,831 - emsawd.repositories.weather_repository - INFO - Successfully parsed 93 records from API response.
2025-09-03 11:04:53,892 - matplotlib.category - INFO - Using categorical units to plot a list of strings that are all parsable as floats or dates. If these strings should be plotted as numbers, cast to the appropriate data type before plotting.
2025-09-03 11:04:53,895 - matplotlib.category - INFO - Using categorical units to plot a list of strings that are all parsable as floats or dates. If these strings should be plotted as numbers, cast to the appropriate data type before plotting.
2025-09-03 11:04:53,897 - matplotlib.category - INFO - Using categorical units to plot a list of strings that are all parsable as floats or dates. If these strings should be plotted as numbers, cast to the appropriate data type before plotting.
2025-09-03 11:04:53,899 - matplotlib.category - INFO - Using categorical units to plot a list of strings that are all parsable as floats or dates. If these strings should be plotted as numbers, cast to the appropriate data type before plotting.
2025-09-03 11:04:53,900 - matplotlib.category - INFO - Using categorical units to plot a list of strings that are all parsable as floats or dates. If these strings should be plotted as numbers, cast to the appropriate data type before plotting.
2025-09-03 11:04:53,902 - matplotlib.category - INFO - Using categorical units to plot a list of strings that are all parsable as floats or dates. If these strings should be plotted as numbers, cast to the appropriate data type before plotting.
2025-09-03 11:04:53,982 - matplotlib.category - INFO - Using categorical units to plot a list of strings that are all parsable as floats or dates. If these strings should be plotted as numbers, cast to the appropriate data type before plotting.
2025-09-03 11:04:53,987 - matplotlib.category - INFO - Using categorical units to plot a list of strings that are all parsable as floats or dates. If these strings should be plotted as numbers, cast to the appropriate data type before plotting.
2025-09-03 11:05:41,232 - emsawd.core.export_service - INFO - Exporting data to Excel at: C:/Users/User/OneDrive/Desktop/test.xlsx
2025-09-03 11:05:41,570 - emsawd.core.export_service - INFO - Excel export successful.
2025-09-03 11:07:16,799 - emsawd.repositories.geocoding_repository - INFO - Requesting coordinates for 'cape town' from https://geocoding-api.open-meteo.com/v1/search
2025-09-03 11:07:18,052 - emsawd.repositories.geocoding_repository - INFO - API response status: 200
2025-09-03 11:07:18,052 - emsawd.repositories.geocoding_repository - INFO - Successfully found coordinates for 'cape town': (-33.92584, 18.42322)
2025-09-03 11:07:18,053 - emsawd.repositories.weather_repository - INFO - Requesting historical weather for lat=-33.92584, lon=18.42322
2025-09-03 11:07:19,041 - emsawd.repositories.weather_repository - INFO - API response status: 200
2025-09-03 11:07:19,041 - emsawd.repositories.weather_repository - INFO - Successfully parsed 5 records from API response.
2025-09-03 11:07:19,044 - emsawd.repositories.weather_repository - INFO - Requesting historical weather for lat=-33.92584, lon=18.42322
2025-09-03 11:07:20,016 - emsawd.repositories.weather_repository - INFO - API response status: 200
2025-09-03 11:07:20,016 - emsawd.repositories.weather_repository - INFO - Successfully parsed 5 records from API response.
2025-09-03 11:07:20,017 - emsawd.repositories.weather_repository - INFO - Requesting historical weather for lat=-33.92584, lon=18.42322
2025-09-03 11:07:21,019 - emsawd.repositories.weather_repository - INFO - API response status: 200
2025-09-03 11:07:21,019 - emsawd.repositories.weather_repository - INFO - Successfully parsed 5 records from API response.
2025-09-03 11:07:21,021 - emsawd.repositories.weather_repository - INFO - Requesting historical weather for lat=-33.92584, lon=18.42322
2025-09-03 11:07:22,005 - emsawd.repositories.weather_repository - INFO - API response status: 200
2025-09-03 11:07:22,006 - emsawd.repositories.weather_repository - INFO - Successfully parsed 5 records from API response.
2025-09-03 11:07:22,007 - emsawd.repositories.weather_repository - INFO - Requesting historical weather for lat=-33.92584, lon=18.42322
2025-09-03 11:07:22,976 - emsawd.repositories.weather_repository - INFO - API response status: 200
2025-09-03 11:07:22,977 - emsawd.repositories.weather_repository - INFO - Successfully parsed 5 records from API response.
2025-09-03 11:07:22,990 - matplotlib.category - INFO - Using categorical units to plot a list of strings that are all parsable as floats or dates. If these strings should be plotted as numbers, cast to the appropriate data type before plotting.
2025-09-03 11:07:22,990 - matplotlib.category - INFO - Using categorical units to plot a list of strings that are all parsable as floats or dates. If these strings should be plotted as numbers, cast to the appropriate data type before plotting.
2025-09-03 11:07:22,990 - matplotlib.category - INFO - Using categorical units to plot a list of strings that are all parsable as floats or dates. If these strings should be plotted as numbers, cast to the appropriate data type before plotting.
2025-09-03 11:07:22,991 - matplotlib.category - INFO - Using categorical units to plot a list of strings that are all parsable as floats or dates. If these strings should be plotted as numbers, cast to the appropriate data type before plotting.
2025-09-03 11:07:22,991 - matplotlib.category - INFO - Using categorical units to plot a list of strings that are all parsable as floats or dates. If these strings should be plotted as numbers, cast to the appropriate data type before plotting.
2025-09-03 11:07:22,991 - matplotlib.category - INFO - Using categorical units to plot a list of strings that are all parsable as floats or dates. If these strings should be plotted as numbers, cast to the appropriate data type before plotting.
2025-09-03 11:07:22,992 - matplotlib.category - INFO - Using categorical units to plot a list of strings that are all parsable as floats or dates. If these strings should be plotted as numbers, cast to the appropriate data type before plotting.
2025-09-03 11:07:22,992 - matplotlib.category - INFO - Using categorical units to plot a list of strings that are all parsable as floats or dates. If these strings should be plotted as numbers, cast to the appropriate data type before plotting.
2025-09-03 11:07:22,992 - matplotlib.category - INFO - Using categorical units to plot a list of strings that are all parsable as floats or dates. If these strings should be plotted as numbers, cast to the appropriate data type before plotting.
2025-09-03 11:07:22,993 - matplotlib.category - INFO - Using categorical units to plot a list of strings that are all parsable as floats or dates. If these strings should be plotted as numbers, cast to the appropriate data type before plotting.
2025-09-03 11:07:23,043 - matplotlib.category - INFO - Using categorical units to plot a list of strings that are all parsable as floats or dates. If these strings should be plotted as numbers, cast to the appropriate data type before plotting.
2025-09-03 11:07:23,044 - matplotlib.category - INFO - Using categorical units to plot a list of strings that are all parsable as floats or dates. If these strings should be plotted as numbers, cast to the appropriate data type before plotting.
2025-09-03 11:09:24,898 - root - INFO - Application exiting with code 0.
